<?xml version="1.0" encoding="UTF-8"?>
<!-- Generated by org.testng.reporters.JUnitXMLReporter -->
<testsuite hostname="lenovo-pc" name="Free CRM app test cases" tests="6" failures="1" timestamp="27 Mar 2019 09:49:36 GMT" time="131.848" errors="0">
  <testcase name="loginTest" time="12.037" classname="com.crm.qa.testcases.LoginPageTest"/>
  <testcase name="LoginPageTitleTest" time="0.098" classname="com.crm.qa.testcases.LoginPageTest">
    <failure type="java.lang.AssertionError" message="expected [Free CRM software in the cloud powers sales and customer service] but found [CRMPRO - CRM software for customer relationship management, sales, and support.]">
      <![CDATA[java.lang.AssertionError: expected [Free CRM software in the cloud powers sales and customer service] but found [CRMPRO - CRM software for customer relationship management, sales, and support.]
	at com.crm.qa.testcases.LoginPageTest.LoginPageTitleTest(LoginPageTest.java:35)
... Removed 29 stack frames]]>
    </failure>
  </testcase> <!-- LoginPageTitleTest -->
  <testcase name="CrmLogoImageTest" time="0.265" classname="com.crm.qa.testcases.LoginPageTest"/>
  <testcase name="verifyHomePageTitleTest" time="0.034" classname="com.crm.qa.testcases.HomePageTest"/>
  <testcase name="verifyUsernameTest" time="0.686" classname="com.crm.qa.testcases.HomePageTest"/>
  <testcase name="verifyContactsLinkTest" time="2.096" classname="com.crm.qa.testcases.HomePageTest"/>
</testsuite> <!-- Free CRM app test cases -->
