<?xml version="1.0" encoding="UTF-8"?>
<!-- Generated by org.testng.reporters.JUnitXMLReporter -->
<testsuite hostname="lenovo-pc" name="Default test" tests="6" failures="0" timestamp="1 Apr 2019 05:53:14 GMT" time="189.886" errors="0">
  <testcase name="verifyContactsPageLabel" time="0.16" classname="com.crm.qa.testcases.ContactsPageTest"/>
  <testcase name="selectSingleContactsTest" time="0.745" classname="com.crm.qa.testcases.ContactsPageTest"/>
  <testcase name="selectMulContactsTest" time="0.879" classname="com.crm.qa.testcases.ContactsPageTest"/>
  <testcase name="validateCreateNewContact" time="10.451" classname="com.crm.qa.testcases.ContactsPageTest"/>
  <testcase name="validateCreateNewContact" time="8.26" classname="com.crm.qa.testcases.ContactsPageTest"/>
  <testcase name="validateCreateNewContact" time="10.1" classname="com.crm.qa.testcases.ContactsPageTest"/>
</testsuite> <!-- Default test -->
